\BOOKMARK [0][-]{section*.2}{General introduction}{}% 1
\BOOKMARK [1][-]{section*.3}{N\351ron models}{section*.2}% 2
\BOOKMARK [1][-]{section*.4}{Structure of the paper, main results}{section*.2}% 3
\BOOKMARK [1][-]{section*.5}{Notations}{section*.2}% 4
\BOOKMARK [1][-]{section*.6}{Acknowledgements}{section*.2}% 5
\BOOKMARK [0][-]{part.1}{Part 1. Background}{}% 6
\BOOKMARK [1][-]{section.1}{1. Nodal curves}{part.1}% 7
\BOOKMARK [2][-]{subsection.1.1}{1.1. Local structure}{section.1}% 8
\BOOKMARK [2][-]{subsection.1.2}{1.2. Dual graphs}{section.1}% 9
\BOOKMARK [2][-]{subsection.1.3}{1.3. The dual graph at a geometric point}{section.1}% 10
\BOOKMARK [2][-]{subsection.1.4}{1.4. Quasisplitness, dual graphs at non-geometric points}{section.1}% 11
\BOOKMARK [1][-]{section.2}{2. Primality and base change}{part.1}% 12
\BOOKMARK [1][-]{section.3}{3. Sections of nodal curves}{part.1}% 13
\BOOKMARK [2][-]{subsection.3.1}{3.1. Type of a section}{section.3}% 14
\BOOKMARK [2][-]{subsection.3.2}{3.2. Admissible neighbourhoods}{section.3}% 15
\BOOKMARK [1][-]{section.4}{4. Refinements and resolutions}{part.1}% 16
\BOOKMARK [2][-]{subsection.4.1}{4.1. Arithmetic complexity and motivation for refinements}{section.4}% 17
\BOOKMARK [2][-]{subsection.4.2}{4.2. Refinements of graphs}{section.4}% 18
\BOOKMARK [2][-]{subsection.4.3}{4.3. Refinements of curves}{section.4}% 19
\BOOKMARK [2][-]{subsection.4.4}{4.4. Resolutions of nodal curves}{section.4}% 20
\BOOKMARK [0][-]{part.2}{Part 2. N\351ron models of nodal curves and their Jacobians}{}% 21
\BOOKMARK [1][-]{section.5}{5. Generalities about N\351ron models}{part.2}% 22
\BOOKMARK [2][-]{subsection.5.1}{5.1. Definitions}{section.5}% 23
\BOOKMARK [2][-]{subsection.5.2}{5.2. Base change and descent properties}{section.5}% 24
\BOOKMARK [1][-]{section.6}{6. N\351ron models of Jacobians}{part.2}% 25
\BOOKMARK [2][-]{subsection.6.1}{6.1. Construction of the N\351ron model}{section.6}% 26
\BOOKMARK [2][-]{subsection.6.2}{6.2. A criterion for separatedness}{section.6}% 27
\BOOKMARK [1][-]{section.7}{7. N\351ron models of curves with nodal models}{part.2}% 28
\BOOKMARK [2][-]{subsection.7.1}{7.1. Factoring sections through refinements}{section.7}% 29
\BOOKMARK [2][-]{subsection.7.2}{7.2. First construction of the N\351ron model}{section.7}% 30
\BOOKMARK [2][-]{subsection.7.3}{7.3. Exceptional components and minimal proper regular models}{section.7}% 31
\BOOKMARK [2][-]{subsection.7.4}{7.4. Contractions and stable models}{section.7}% 32
\BOOKMARK [2][-]{subsection.7.5}{7.5. Separatedness of the N\351ron model}{section.7}% 33
\BOOKMARK [1][-]{section*.7}{References}{part.2}% 34
