\BOOKMARK [0][-]{part.1}{I Nodal curves, dual graphs and resolutions}{}% 1
\BOOKMARK [1][-]{section.1}{Local structure of nodal curves and their dual graphs}{part.1}% 2
\BOOKMARK [2][-]{subsection.1.1}{First definitions}{section.1}% 3
\BOOKMARK [2][-]{subsection.1.2}{The local structure}{section.1}% 4
\BOOKMARK [2][-]{subsection.1.3}{The dual graph at a geometric point}{section.1}% 5
\BOOKMARK [2][-]{subsection.1.4}{Quasisplitness, dual graphs at non-geometric points}{section.1}% 6
\BOOKMARK [1][-]{section.2}{Primality and base change}{part.1}% 7
\BOOKMARK [1][-]{section.3}{Sections of nodal curves}{part.1}% 8
\BOOKMARK [2][-]{subsection.3.1}{Type of a section}{section.3}% 9
\BOOKMARK [2][-]{subsection.3.2}{Admissible neighbourhoods}{section.3}% 10
\BOOKMARK [1][-]{section.4}{Refinements and resolutions}{part.1}% 11
\BOOKMARK [2][-]{subsection.4.1}{Arithmetic complexity and motivation for refinements}{section.4}% 12
\BOOKMARK [3][-]{subsubsection.4.1.1}{Arithmetic complexity}{subsection.4.1}% 13
\BOOKMARK [3][-]{subsubsection.4.1.2}{Factoriality of completed \351tale local rings}{subsection.4.1}% 14
\BOOKMARK [3][-]{subsubsection.4.1.3}{Factoring sections through the smooth locus}{subsection.4.1}% 15
\BOOKMARK [2][-]{subsection.4.2}{Refinements of graphs}{section.4}% 16
\BOOKMARK [2][-]{subsection.4.3}{Refinements of curves}{section.4}% 17
\BOOKMARK [2][-]{subsection.4.4}{Resolutions of nodal curves}{section.4}% 18
\BOOKMARK [0][-]{part.2}{II N\351ron models of nodal curves and their Jacobians}{}% 19
\BOOKMARK [1][-]{section.5}{Generalities about N\351ron models}{part.2}% 20
\BOOKMARK [2][-]{subsection.5.1}{Definitions}{section.5}% 21
\BOOKMARK [2][-]{subsection.5.2}{Base change and descent properties}{section.5}% 22
\BOOKMARK [2][-]{subsection.5.3}{Group models with injective restriction map}{section.5}% 23
\BOOKMARK [1][-]{section.6}{N\351ron models of Jacobians}{part.2}% 24
\BOOKMARK [2][-]{subsection.6.1}{Construction of the N\351ron model}{section.6}% 25
\BOOKMARK [2][-]{subsection.6.2}{A criterion for separatedness}{section.6}% 26
\BOOKMARK [1][-]{section.7}{N\351ron models of curves with nodal models}{part.2}% 27
\BOOKMARK [2][-]{subsection.7.1}{Factoring sections through refinements}{section.7}% 28
\BOOKMARK [2][-]{subsection.7.2}{First construction of the N\351ron model}{section.7}% 29
\BOOKMARK [2][-]{subsection.7.3}{Exceptional components and minimal proper regular models}{section.7}% 30
\BOOKMARK [3][-]{subsubsection.7.3.1}{Definition}{subsection.7.3}% 31
\BOOKMARK [3][-]{subsubsection.7.3.2}{The minimal proper regular model}{subsection.7.3}% 32
\BOOKMARK [3][-]{subsubsection.7.3.3}{Van der Waerden's purity theorem}{subsection.7.3}% 33
\BOOKMARK [2][-]{subsection.7.4}{Contractions and stable models}{section.7}% 34
\BOOKMARK [3][-]{subsubsection.7.4.1}{The stack of n-pointed stable curves and the contraction morphism}{subsection.7.4}% 35
\BOOKMARK [3][-]{subsubsection.7.4.2}{The stable model}{subsection.7.4}% 36
\BOOKMARK [3][-]{subsubsection.7.4.3}{Rational components of the stable model}{subsection.7.4}% 37
\BOOKMARK [3][-]{subsubsection.7.4.4}{Singular ideals of the stable model}{subsection.7.4}% 38
\BOOKMARK [3][-]{subsubsection.7.4.5}{The main theorem}{subsection.7.4}% 39
\BOOKMARK [2][-]{subsection.7.5}{Separatedness of the N\351ron model}{section.7}% 40
